\BOOKMARK [0][-]{chapter.1}{\376\377\000I\000n\000s\000t\000a\000l\000l\000i\000n\000g}{}% 1
\BOOKMARK [0][-]{chapter.2}{\376\377\000B\000a\000s\000i\000c\000\040\000U\000s\000a\000g\000e}{}% 2
\BOOKMARK [1][-]{section.2.1}{\376\377\000M\000a\000c\000h\000i\000n\000e\000\040\000T\000a\000b}{chapter.2}% 3
\BOOKMARK [1][-]{section.2.2}{\376\377\000D\000i\000s\000p\000l\000a\000y\000\040\000T\000a\000b}{chapter.2}% 4
\BOOKMARK [1][-]{section.2.3}{\376\377\000A\000x\000e\000s\000\040\000T\000a\000b}{chapter.2}% 5
\BOOKMARK [1][-]{section.2.4}{\376\377\000I\000/\000O\000\040\000T\000a\000b}{chapter.2}% 6
\BOOKMARK [1][-]{section.2.5}{\376\377\000S\000p\000i\000n\000d\000l\000e\000\040\000T\000a\000b}{chapter.2}% 7
\BOOKMARK [1][-]{section.2.6}{\376\377\000S\000S\000\040\000C\000a\000r\000d\000s\000\040\000T\000a\000b}{chapter.2}% 8
\BOOKMARK [1][-]{section.2.7}{\376\377\000G\000P\000I\000O\000\040\000T\000a\000b}{chapter.2}% 9
\BOOKMARK [1][-]{section.2.8}{\376\377\000T\000o\000o\000l\000\040\000C\000h\000a\000n\000g\000e\000r\000\040\000T\000a\000b}{chapter.2}% 10
\BOOKMARK [1][-]{section.2.9}{\376\377\000O\000p\000t\000i\000o\000n\000s\000\040\000T\000a\000b}{chapter.2}% 11
\BOOKMARK [1][-]{section.2.10}{\376\377\000P\000L\000C\000\040\000T\000a\000b}{chapter.2}% 12
\BOOKMARK [1][-]{section.2.11}{\376\377\000P\000i\000n\000s\000\040\000T\000a\000b}{chapter.2}% 13
\BOOKMARK [1][-]{section.2.12}{\376\377\000P\000C\000\040\000T\000a\000b}{chapter.2}% 14
\BOOKMARK [0][-]{chapter.3}{\376\377\000M\000a\000c\000h\000i\000n\000e\000\040\000T\000a\000b}{}% 15
\BOOKMARK [1][-]{section.3.1}{\376\377\000M\000e\000n\000u}{chapter.3}% 16
\BOOKMARK [1][-]{section.3.2}{\376\377\000T\000o\000o\000l\000\040\000B\000a\000r}{chapter.3}% 17
\BOOKMARK [1][-]{section.3.3}{\376\377\000M\000a\000c\000h\000i\000n\000e\000\040\000G\000r\000o\000u\000p}{chapter.3}% 18
\BOOKMARK [1][-]{section.3.4}{\376\377\000C\000o\000n\000f\000i\000g\000u\000r\000a\000t\000i\000o\000n\000\040\000S\000e\000t\000u\000p}{chapter.3}% 19
\BOOKMARK [1][-]{section.3.5}{\376\377\000F\000i\000r\000m\000w\000a\000r\000e}{chapter.3}% 20
\BOOKMARK [1][-]{section.3.6}{\376\377\000B\000a\000c\000k\000u\000p\000s}{chapter.3}% 21
\BOOKMARK [0][-]{chapter.4}{\376\377\000I\000n\000f\000o\000\040\000T\000a\000b}{}% 22
\BOOKMARK [0][-]{chapter.5}{\376\377\000D\000i\000s\000p\000l\000a\000y\000\040\000T\000a\000b}{}% 23
\BOOKMARK [1][-]{section.5.1}{\376\377\000D\000i\000s\000p\000l\000a\000y\000\040\000G\000r\000o\000u\000p}{chapter.5}% 24
\BOOKMARK [1][-]{section.5.2}{\376\377\000G\000\040\000c\000o\000d\000e\000\040\000E\000d\000i\000t\000o\000r\000\040\000G\000r\000o\000u\000p}{chapter.5}% 25
\BOOKMARK [1][-]{section.5.3}{\376\377\000J\000o\000g\000\040\000S\000l\000i\000d\000e\000r\000\040\000S\000e\000t\000t\000i\000n\000g\000s}{chapter.5}% 26
\BOOKMARK [1][-]{section.5.4}{\376\377\000A\000x\000i\000s\000\040\000D\000i\000s\000p\000l\000a\000y\000\040\000O\000p\000t\000i\000o\000n\000s}{chapter.5}% 27
\BOOKMARK [0][-]{chapter.6}{\376\377\000A\000x\000e\000s\000\040\000T\000a\000b}{}% 28
\BOOKMARK [1][-]{section.6.1}{\376\377\000A\000x\000i\000s\000\040\000G\000r\000o\000u\000p}{chapter.6}% 29
\BOOKMARK [1][-]{section.6.2}{\376\377\000P\000I\000D\000\040\000S\000e\000t\000t\000i\000n\000g\000s\000\040\000G\000r\000o\000u\000p}{chapter.6}% 30
\BOOKMARK [1][-]{section.6.3}{\376\377\000F\000o\000l\000l\000o\000w\000i\000n\000g\000\040\000E\000r\000r\000o\000r\000\040\000G\000r\000o\000u\000p}{chapter.6}% 31
\BOOKMARK [1][-]{section.6.4}{\376\377\000H\000o\000m\000i\000n\000g\000\040\000G\000r\000o\000u\000p}{chapter.6}% 32
\BOOKMARK [1][-]{section.6.5}{\376\377\000S\000t\000e\000p\000G\000e\000n\000\040\000S\000e\000t\000t\000i\000n\000g\000s\000\040\000G\000r\000o\000u\000p}{chapter.6}% 33
\BOOKMARK [1][-]{section.6.6}{\376\377\000A\000n\000a\000l\000o\000g\000\040\000O\000u\000t\000p\000u\000t\000\040\000G\000r\000o\000u\000p}{chapter.6}% 34
\BOOKMARK [1][-]{section.6.7}{\376\377\000E\000n\000c\000o\000d\000e\000r\000\040\000G\000r\000o\000u\000p}{chapter.6}% 35
\BOOKMARK [0][-]{chapter.7}{\376\377\000I\000/\000O\000\040\000T\000a\000b}{}% 36
\BOOKMARK [1][-]{section.7.1}{\376\377\000I\000n\000p\000u\000t\000s}{chapter.7}% 37
\BOOKMARK [1][-]{section.7.2}{\376\377\000O\000u\000t\000p\000u\000t\000s}{chapter.7}% 38
